{
  "stats": {
    "suites": 27,
    "tests": 67,
    "passes": 59,
    "pending": 6,
    "failures": 2,
    "start": "2023-02-23T04:32:29.081Z",
    "end": "2023-02-23T04:45:48.102Z",
    "duration": 424973,
    "testsRegistered": 67,
    "passPercent": 88.05970149253731,
    "pendingPercent": 8.955223880597014,
    "other": 0,
    "hasOther": false,
    "skipped": 0,
    "hasSkipped": false
  },
  "results": [
    {
      "uuid": "225fac9f-4001-4826-91b3-bbab8d655136",
      "title": "",
      "fullFile": "cypress\\e2e\\automation-test-store\\add-multiple-items-to-basket_FINAL.js",
      "file": "cypress\\e2e\\automation-test-store\\add-multiple-items-to-basket_FINAL.js",
      "beforeHooks": [],
      "afterHooks": [],
      "tests": [],
      "suites": [
        {
          "uuid": "fefe422b-3dc8-4ccc-8a74-a71927d781d6",
          "title": "Add multiple items to basket",
          "fullFile": "",
          "file": "",
          "beforeHooks": [],
          "afterHooks": [],
          "tests": [
            {
              "title": "Add specific items to basket",
              "fullTitle": "Add multiple items to basket Add specific items to basket",
              "timedOut": null,
              "duration": 99070,
              "state": "failed",
              "speed": null,
              "pass": false,
              "fail": true,
              "pending": false,
              "context": null,
              "code": "autoStore_HairCare_PO.addHairCareProductsToBasket();",
              "err": {
                "message": "CypressError: `cy.screenshot()` timed out waiting `30000ms` to complete.\n\nBecause this error occurred during a `before each` hook we are skipping the remaining tests in the current suite: `Add multiple items to basket`",
                "estack": "CypressError: `cy.screenshot()` timed out waiting `30000ms` to complete.\n\nBecause this error occurred during a `before each` hook we are skipping the remaining tests in the current suite: `Add multiple items to basket`\n    at https://www.automationteststore.com/__cypress/runner/cypress_runner.js:139826:81\n    at tryCatcher (https://www.automationteststore.com/__cypress/runner/cypress_runner.js:8914:23)\n    at https://www.automationteststore.com/__cypress/runner/cypress_runner.js:4036:41\n    at tryCatcher (https://www.automationteststore.com/__cypress/runner/cypress_runner.js:8914:23)\n    at Promise._settlePromiseFromHandler (https://www.automationteststore.com/__cypress/runner/cypress_runner.js:6849:31)\n    at Promise._settlePromise (https://www.automationteststore.com/__cypress/runner/cypress_runner.js:6906:18)\n    at Promise._settlePromise0 (https://www.automationteststore.com/__cypress/runner/cypress_runner.js:6951:10)\n    at Promise._settlePromises (https://www.automationteststore.com/__cypress/runner/cypress_runner.js:7027:18)\n    at _drainQueueStep (https://www.automationteststore.com/__cypress/runner/cypress_runner.js:3621:12)\n    at _drainQueue (https://www.automationteststore.com/__cypress/runner/cypress_runner.js:3614:9)\n    at ../../node_modules/bluebird/js/release/async.js.Async._drainQueues (https://www.automationteststore.com/__cypress/runner/cypress_runner.js:3630:5)\n    at Async.drainQueues (https://www.automationteststore.com/__cypress/runner/cypress_runner.js:3500:14)",
                "diff": null
              },
              "uuid": "d1c284c4-47c1-4480-9cf7-64bfb9129046",
              "parentUUID": "fefe422b-3dc8-4ccc-8a74-a71927d781d6",
              "isHook": false,
              "skipped": false
            }
          ],
          "suites": [],
          "passes": [],
          "failures": [
            "d1c284c4-47c1-4480-9cf7-64bfb9129046"
          ],
          "pending": [],
          "skipped": [],
          "duration": 99070,
          "root": false,
          "rootEmpty": false,
          "_timeout": 2000
        }
      ],
      "passes": [],
      "failures": [],
      "pending": [],
      "skipped": [],
      "duration": 0,
      "root": true,
      "rootEmpty": true,
      "_timeout": 2000
    },
    {
      "uuid": "0c052b3b-3ce3-4b4d-a1f9-6ec9f5e6da59",
      "title": "",
      "fullFile": "cypress\\e2e\\automation-test-store\\contact-us.js",
      "file": "cypress\\e2e\\automation-test-store\\contact-us.js",
      "beforeHooks": [],
      "afterHooks": [],
      "tests": [],
      "suites": [
        {
          "uuid": "69a29689-e41f-41b8-a8b8-151e9e828ac0",
          "title": "Test contact us form via automatio-teststore",
          "fullFile": "",
          "file": "",
          "beforeHooks": [],
          "afterHooks": [],
          "tests": [
            {
              "title": "Should be able to submit a successful submission via contact us form",
              "fullTitle": "Test contact us form via automatio-teststore Should be able to submit a successful submission via contact us form",
              "timedOut": null,
              "duration": 20429,
              "state": "passed",
              "speed": "slow",
              "pass": true,
              "fail": false,
              "pending": false,
              "context": null,
              "code": "cy.visit('https://automationteststore.com/');\n//cy.get('.info_links_footer > :nth-child(5) > a').click();\ncy.get(\"a[href$='contact']\").click().then(function (linkText) {\n  console.log('Clicked on link using text:' + linkText.text());\n});\n//cy.xpath(\"//afcontains (@href, 'contact')]\").click();\ncy.get('#ContactUsFrm_first_name').type(\"Joe\");\ncy.get('#ContactUsFrm_email').type(\"abc@123gmail.com\");\ncy.get('#ContactUsFrm_enquiry').type(\"Do you provide additional discount on bulk orders?\");\ncy.get(\"button[title='Submit']\").click();\ncy.get('.mb40 >:nth-child(3)').should('have.text', 'Your enquiry has been successfully sent to the store owner!');",
              "err": {},
              "uuid": "ba1d7ec5-e69b-4e09-af8d-67b60eda5668",
              "parentUUID": "69a29689-e41f-41b8-a8b8-151e9e828ac0",
              "isHook": false,
              "skipped": false
            }
          ],
          "suites": [],
          "passes": [
            "ba1d7ec5-e69b-4e09-af8d-67b60eda5668"
          ],
          "failures": [],
          "pending": [],
          "skipped": [],
          "duration": 20429,
          "root": false,
          "rootEmpty": false,
          "_timeout": 2000
        }
      ],
      "passes": [],
      "failures": [],
      "pending": [],
      "skipped": [],
      "duration": 0,
      "root": true,
      "rootEmpty": true,
      "_timeout": 2000
    },
    {
      "uuid": "24ba98be-5608-44c5-96c5-275b34682a6f",
      "title": "",
      "fullFile": "cypress\\e2e\\automation-test-store\\contact-us_(1).js",
      "file": "cypress\\e2e\\automation-test-store\\contact-us_(1).js",
      "beforeHooks": [],
      "afterHooks": [],
      "tests": [],
      "suites": [
        {
          "uuid": "7d9c1885-77ce-4f81-937a-e409c0770f38",
          "title": "Test Contact Us form via Automation Test Store",
          "fullFile": "",
          "file": "",
          "beforeHooks": [],
          "afterHooks": [],
          "tests": [
            {
              "title": "Should be able to submit a successful submission via contact us form",
              "fullTitle": "Test Contact Us form via Automation Test Store Should be able to submit a successful submission via contact us form",
              "timedOut": null,
              "duration": 24206,
              "state": "passed",
              "speed": "slow",
              "pass": true,
              "fail": false,
              "pending": false,
              "context": null,
              "code": "cy.visit(\"https://www.automationteststore.com/\");\ncy.get(\"a[href$='contact']\").click().then(function (linkText) {\n  cy.log(\"Clicked on link using text: \" + linkText.text());\n});\n//cy.xpath(\"//a[contains(@href, 'contact')]\").click();\ncy.get(\"@user\").then(user => {\n  cy.get('#ContactUsFrm_first_name').type(user.first_name);\n  cy.get('#ContactUsFrm_email').type(user.email);\n});\ncy.get('#ContactUsFrm_email').should('have.attr', 'name', 'email');\ncy.get('#ContactUsFrm_enquiry').type(\"Do you provide additional discount on bulk orders?\");\ncy.get(\"button[title='Submit']\").click();\ncy.get('.mb40 > :nth-child(3)').should('have.text', 'Your enquiry has been successfully sent to the store owner!');\ncy.log(\"Test has completed!\");",
              "err": {},
              "uuid": "5ade8778-774c-484f-bbe2-88cb1f8bc443",
              "parentUUID": "7d9c1885-77ce-4f81-937a-e409c0770f38",
              "isHook": false,
              "skipped": false
            }
          ],
          "suites": [],
          "passes": [
            "5ade8778-774c-484f-bbe2-88cb1f8bc443"
          ],
          "failures": [],
          "pending": [],
          "skipped": [],
          "duration": 24206,
          "root": false,
          "rootEmpty": false,
          "_timeout": 2000
        }
      ],
      "passes": [],
      "failures": [],
      "pending": [],
      "skipped": [],
      "duration": 0,
      "root": true,
      "rootEmpty": true,
      "_timeout": 2000
    },
    {
      "uuid": "d32dddc8-c5f3-4443-b1f9-a5177560df2f",
      "title": "",
      "fullFile": "cypress\\e2e\\automation-test-store\\inspect-element.js",
      "file": "cypress\\e2e\\automation-test-store\\inspect-element.js",
      "beforeHooks": [],
      "afterHooks": [],
      "tests": [],
      "suites": [
        {
          "uuid": "8b36e8b1-66e5-48c1-9bbe-fab05ea7571b",
          "title": "Inspect Automation Test Store items using chain of commands",
          "fullFile": "",
          "file": "",
          "beforeHooks": [],
          "afterHooks": [],
          "tests": [
            {
              "title": "Click on the first item using item header",
              "fullTitle": "Inspect Automation Test Store items using chain of commands Click on the first item using item header",
              "timedOut": null,
              "duration": 16370,
              "state": "passed",
              "speed": "slow",
              "pass": true,
              "fail": false,
              "pending": false,
              "context": null,
              "code": "cy.visit(\"https://www.automationteststore.com/\");\ncy.get('#block_frame_featured_1769 > .thumbnails > :nth-child(1) > .fixed_wrapper > .fixed > .prdocutname').click();",
              "err": {},
              "uuid": "dd37ff45-4250-4b0a-9fc0-3360e77a1a73",
              "parentUUID": "8b36e8b1-66e5-48c1-9bbe-fab05ea7571b",
              "isHook": false,
              "skipped": false
            },
            {
              "title": "Click on the first item using item text",
              "fullTitle": "Inspect Automation Test Store items using chain of commands Click on the first item using item text",
              "timedOut": null,
              "duration": 14518,
              "state": "passed",
              "speed": "slow",
              "pass": true,
              "fail": false,
              "pending": false,
              "context": null,
              "code": "cy.visit(\"https://www.automationteststore.com/\");\ncy.get('.prdocutname').contains('Skinsheen Bronzer Stick').click().then(function (itemHeaderText) {\n  console.log(\"Selected the following item:\" + itemHeaderText.text());\n});",
              "err": {},
              "uuid": "ff10c2c2-ae0e-41ea-9bee-098dd21d238b",
              "parentUUID": "8b36e8b1-66e5-48c1-9bbe-fab05ea7571b",
              "isHook": false,
              "skipped": false
            },
            {
              "title": "Click on the first item using index",
              "fullTitle": "Inspect Automation Test Store items using chain of commands Click on the first item using index",
              "timedOut": null,
              "duration": 16203,
              "state": "passed",
              "speed": "slow",
              "pass": true,
              "fail": false,
              "pending": false,
              "context": null,
              "code": "cy.visit(\"https://www.automationteststore.com/\");\ncy.get('.fixed_wrapper').find('.prdocutname').eq(0).click();",
              "err": {},
              "uuid": "27bc100d-d863-4bdb-b6de-c16a9608c953",
              "parentUUID": "8b36e8b1-66e5-48c1-9bbe-fab05ea7571b",
              "isHook": false,
              "skipped": false
            }
          ],
          "suites": [],
          "passes": [
            "dd37ff45-4250-4b0a-9fc0-3360e77a1a73",
            "ff10c2c2-ae0e-41ea-9bee-098dd21d238b",
            "27bc100d-d863-4bdb-b6de-c16a9608c953"
          ],
          "failures": [],
          "pending": [],
          "skipped": [],
          "duration": 47091,
          "root": false,
          "rootEmpty": false,
          "_timeout": 2000
        }
      ],
      "passes": [],
      "failures": [],
      "pending": [],
      "skipped": [],
      "duration": 0,
      "root": true,
      "rootEmpty": true,
      "_timeout": 2000
    },
    {
      "uuid": "694af305-464e-40c9-9118-debe494cb4bd",
      "title": "",
      "fullFile": "cypress\\e2e\\automation-test-store\\iterateOverElements.js",
      "file": "cypress\\e2e\\automation-test-store\\iterateOverElements.js",
      "beforeHooks": [],
      "afterHooks": [],
      "tests": [],
      "suites": [
        {
          "uuid": "54b73c0e-baf9-4417-951b-24059f782edf",
          "title": "Iterate over elements",
          "fullFile": "",
          "file": "",
          "beforeHooks": [],
          "afterHooks": [],
          "tests": [
            {
              "title": "Log information of all hair care products",
              "fullTitle": "Iterate over elements Log information of all hair care products",
              "timedOut": null,
              "duration": 13711,
              "state": "passed",
              "speed": "slow",
              "pass": true,
              "fail": false,
              "pending": false,
              "context": null,
              "code": "cy.get('.fixed_wrapper .prdocutname').each(($el, index, $list) => {\n  cy.log(\"Index: \" + index + \" : \" + $el.text());\n});",
              "err": {},
              "uuid": "d696706d-8621-45d3-b249-125b2278043b",
              "parentUUID": "54b73c0e-baf9-4417-951b-24059f782edf",
              "isHook": false,
              "skipped": false
            },
            {
              "title": "Add specific product to basket",
              "fullTitle": "Iterate over elements Add specific product to basket",
              "timedOut": null,
              "duration": 9560,
              "state": "passed",
              "speed": "medium",
              "pass": true,
              "fail": false,
              "pending": false,
              "context": null,
              "code": "// cy.get(\".fixed_wrapper .prdocutname\").each(($el, index, $list) => {\n//     if($el.text().includes('Curls to straight Shampoo')) {\n//         cy.wrap($el).click()\n//     }\n// });\ncy.selectProduct('Curls to straight Shampoo');",
              "err": {},
              "uuid": "a4e508c2-b291-48b1-824f-8cfc65250340",
              "parentUUID": "54b73c0e-baf9-4417-951b-24059f782edf",
              "isHook": false,
              "skipped": false
            },
            {
              "title": "Add another specific product to basket",
              "fullTitle": "Iterate over elements Add another specific product to basket",
              "timedOut": null,
              "duration": 11087,
              "state": "passed",
              "speed": "slow",
              "pass": true,
              "fail": false,
              "pending": false,
              "context": null,
              "code": "cy.selectProduct('Seaweed Conditioner');",
              "err": {},
              "uuid": "5974150b-e2b6-47f1-88a8-d84c1132c588",
              "parentUUID": "54b73c0e-baf9-4417-951b-24059f782edf",
              "isHook": false,
              "skipped": false
            }
          ],
          "suites": [],
          "passes": [
            "d696706d-8621-45d3-b249-125b2278043b",
            "a4e508c2-b291-48b1-824f-8cfc65250340",
            "5974150b-e2b6-47f1-88a8-d84c1132c588"
          ],
          "failures": [],
          "pending": [],
          "skipped": [],
          "duration": 34358,
          "root": false,
          "rootEmpty": false,
          "_timeout": 2000
        }
      ],
      "passes": [],
      "failures": [],
      "pending": [],
      "skipped": [],
      "duration": 0,
      "root": true,
      "rootEmpty": true,
      "_timeout": 2000
    },
    {
      "uuid": "c2dc2d04-5c70-4861-a042-908f9f14ff3e",
      "title": "",
      "fullFile": "cypress\\e2e\\automation-test-store\\variables-commands.js",
      "file": "cypress\\e2e\\automation-test-store\\variables-commands.js",
      "beforeHooks": [],
      "afterHooks": [],
      "tests": [],
      "suites": [
        {
          "uuid": "bc08f66c-98f0-4f46-9ec9-8be988f3752a",
          "title": "Verifying variables, cypress commands and jquery commands",
          "fullFile": "",
          "file": "",
          "beforeHooks": [],
          "afterHooks": [],
          "tests": [
            {
              "title": "Validate properties of the Contact Us Page",
              "fullTitle": "Verifying variables, cypress commands and jquery commands Validate properties of the Contact Us Page",
              "timedOut": null,
              "duration": 7321,
              "state": "passed",
              "speed": "medium",
              "pass": true,
              "fail": false,
              "pending": false,
              "context": null,
              "code": "cy.visit(\"https://automationteststore.com/index.php?rt=content/contact\");\n//Uses cypress commands and chaining\ncy.contains('#ContactUsFrm', 'Contact Us Form').find('#field_11').should('contain', 'First name');\n//JQuery Approach\ncy.contains('#ContactUsFrm', 'Contact Us Form').then(text => {\n  const firstNameText = text.find('#field_11').text();\n  expect(firstNameText).to.contain('First name');\n  //Embedded commands (Closure)\n  cy.get('#field_11').then(fnText => {\n    cy.log(fnText.text());\n    cy.log(fnText);\n  });\n});",
              "err": {},
              "uuid": "907089ac-68ec-401b-a7c8-3463c90827d6",
              "parentUUID": "bc08f66c-98f0-4f46-9ec9-8be988f3752a",
              "isHook": false,
              "skipped": false
            }
          ],
          "suites": [],
          "passes": [
            "907089ac-68ec-401b-a7c8-3463c90827d6"
          ],
          "failures": [],
          "pending": [],
          "skipped": [],
          "duration": 7321,
          "root": false,
          "rootEmpty": false,
          "_timeout": 2000
        }
      ],
      "passes": [],
      "failures": [],
      "pending": [],
      "skipped": [],
      "duration": 0,
      "root": true,
      "rootEmpty": true,
      "_timeout": 2000
    },
    {
      "uuid": "ce36b780-04e4-42af-8a67-6d7de04a3f62",
      "title": "",
      "fullFile": "cypress\\e2e\\smoke\\checkboxes.js",
      "file": "cypress\\e2e\\smoke\\checkboxes.js",
      "beforeHooks": [],
      "afterHooks": [],
      "tests": [],
      "suites": [
        {
          "uuid": "24f38cb0-ec7b-4397-81f2-849f7d43ae78",
          "title": "Verify checkboxes via webdriveruni",
          "fullFile": "",
          "file": "",
          "beforeHooks": [],
          "afterHooks": [],
          "tests": [
            {
              "title": "Check and validate checkbox",
              "fullTitle": "Verify checkboxes via webdriveruni Check and validate checkbox",
              "timedOut": null,
              "duration": 7837,
              "state": "passed",
              "speed": "medium",
              "pass": true,
              "fail": false,
              "pending": false,
              "context": null,
              "code": "//cy.get('#checkboxes > :nth-child(1) > input').check()\n//cy.get('#checkboxes > :nth-child(1) > input').check().should('be.checked')\ncy.get('#checkboxes > :nth-child(1) > input').as('option-1');\n//cy.get('@option-1').check();\ncy.get('@option-1').check().should('be.checked');",
              "err": {},
              "uuid": "1770c074-c8dd-477d-a29b-a9ef39d9554f",
              "parentUUID": "24f38cb0-ec7b-4397-81f2-849f7d43ae78",
              "isHook": false,
              "skipped": false
            },
            {
              "title": "Uncheck and validate checkbox",
              "fullTitle": "Verify checkboxes via webdriveruni Uncheck and validate checkbox",
              "timedOut": null,
              "duration": 619,
              "state": "passed",
              "speed": "fast",
              "pass": true,
              "fail": false,
              "pending": false,
              "context": null,
              "code": "cy.get(':nth-child(5) > input').as('option-3');\ncy.get('@option-3').uncheck().should('not.be.checked');",
              "err": {},
              "uuid": "ad06ad56-cd52-405b-8d00-eec20b1f6fcb",
              "parentUUID": "24f38cb0-ec7b-4397-81f2-849f7d43ae78",
              "isHook": false,
              "skipped": false
            },
            {
              "title": "Check mutiple checkboxes",
              "fullTitle": "Verify checkboxes via webdriveruni Check mutiple checkboxes",
              "timedOut": null,
              "duration": 2013,
              "state": "passed",
              "speed": "fast",
              "pass": true,
              "fail": false,
              "pending": false,
              "context": null,
              "code": "cy.get(\"input[type='checkbox']\").check([\"option-1\", \"option-2\", \"option-3\", \"option-4\"]).should('be.checked');",
              "err": {},
              "uuid": "3cea835d-978b-4de4-922a-45c255be4765",
              "parentUUID": "24f38cb0-ec7b-4397-81f2-849f7d43ae78",
              "isHook": false,
              "skipped": false
            }
          ],
          "suites": [],
          "passes": [
            "1770c074-c8dd-477d-a29b-a9ef39d9554f",
            "ad06ad56-cd52-405b-8d00-eec20b1f6fcb",
            "3cea835d-978b-4de4-922a-45c255be4765"
          ],
          "failures": [],
          "pending": [],
          "skipped": [],
          "duration": 10469,
          "root": false,
          "rootEmpty": false,
          "_timeout": 2000
        }
      ],
      "passes": [],
      "failures": [],
      "pending": [],
      "skipped": [],
      "duration": 0,
      "root": true,
      "rootEmpty": true,
      "_timeout": 2000
    },
    {
      "uuid": "6e6884ad-638d-4cf9-a64f-b0f7b1989d0c",
      "title": "",
      "fullFile": "cypress\\e2e\\smoke\\contact-us_FINAL.js",
      "file": "cypress\\e2e\\smoke\\contact-us_FINAL.js",
      "beforeHooks": [],
      "afterHooks": [],
      "tests": [],
      "suites": [
        {
          "uuid": "a91d0a9c-b125-457d-a8ec-1a491202b5a1",
          "title": "Test Contact Us form via WebdriverUni",
          "fullFile": "",
          "file": "",
          "beforeHooks": [],
          "afterHooks": [],
          "tests": [
            {
              "title": "Should be able to submit a successful submission via contact us form",
              "fullTitle": "Test Contact Us form via WebdriverUni Should be able to submit a successful submission via contact us form",
              "timedOut": null,
              "duration": 5833,
              "state": "passed",
              "speed": "medium",
              "pass": true,
              "fail": false,
              "pending": false,
              "context": null,
              "code": "//cy.visit(\"/\"+\"Contact-Us/contactus.html\")\n// cy.get('#contact-us').invoke('removeAttr', 'target').click({force:true})\ncy.webdriverUni_ContactForm_Submission(Cypress.env(\"first_name\"), data.last_name, data.email, \"How can I learn Cypress?\", 'h1', 'Thank You for your Message!');",
              "err": {},
              "uuid": "523abf9d-bd53-4f36-bdf5-9536c652b02a",
              "parentUUID": "a91d0a9c-b125-457d-a8ec-1a491202b5a1",
              "isHook": false,
              "skipped": false
            },
            {
              "title": "Should not be able to submit a successful submission via contact us form as all fields are required",
              "fullTitle": "Test Contact Us form via WebdriverUni Should not be able to submit a successful submission via contact us form as all fields are required",
              "timedOut": null,
              "duration": 2252,
              "state": "passed",
              "speed": "fast",
              "pass": true,
              "fail": false,
              "pending": false,
              "context": null,
              "code": "// cy.visit(\"/\")\n// cy.get('#contact-us').invoke('removeAttr', 'target').click({force:true})\ncy.webdriverUni_ContactForm_Submission(Cypress.env(\"first_name\"), data.last_name, \" \", \"How can I learn Cypress?\", 'body', 'Error: Invalid email address');",
              "err": {},
              "uuid": "d2260040-c14f-49d5-aea7-216ebf345637",
              "parentUUID": "a91d0a9c-b125-457d-a8ec-1a491202b5a1",
              "isHook": false,
              "skipped": false
            }
          ],
          "suites": [],
          "passes": [
            "523abf9d-bd53-4f36-bdf5-9536c652b02a",
            "d2260040-c14f-49d5-aea7-216ebf345637"
          ],
          "failures": [],
          "pending": [],
          "skipped": [],
          "duration": 8085,
          "root": false,
          "rootEmpty": false,
          "_timeout": 2000
        }
      ],
      "passes": [],
      "failures": [],
      "pending": [],
      "skipped": [],
      "duration": 0,
      "root": true,
      "rootEmpty": true,
      "_timeout": 2000
    },
    {
      "uuid": "396b2089-60b3-4cb5-96c8-2d9540b71149",
      "title": "",
      "fullFile": "cypress\\e2e\\smoke\\contactUs.js",
      "file": "cypress\\e2e\\smoke\\contactUs.js",
      "beforeHooks": [],
      "afterHooks": [],
      "tests": [],
      "suites": [
        {
          "uuid": "b66b480b-7a81-4caf-87d9-1316be435ecb",
          "title": "Test Contact Us form via WebdriverUni",
          "fullFile": "",
          "file": "",
          "beforeHooks": [],
          "afterHooks": [],
          "tests": [
            {
              "title": "Should be able to submit a successful submission via contact us form",
              "fullTitle": "Test Contact Us form via WebdriverUni Should be able to submit a successful submission via contact us form",
              "timedOut": null,
              "duration": 8692,
              "state": "passed",
              "speed": "medium",
              "pass": true,
              "fail": false,
              "pending": false,
              "context": null,
              "code": "// cy.visit(\"http://www.webdriveruniversity.com\")\n// cy.get('#contact-us').invoke('removeAttr', 'target').click({force:true})\ncy.typeInTextField('[name=\"first_name\"]', data.first_name);\ncy.typeInTextField('[name=\"last_name\"]', data.last_name);\ncy.typeInTextField('[name=\"email\"]', data.email);\ncy.typeInTextField('textarea.feedback-input', data.body);\ncy.checkIfVisible('[type=\"submit\"]');\ncy.clickButton('[type=\"submit\"]');\ncy.checkTextContent('h1', 'Thank You for your Message!');",
              "err": {},
              "uuid": "c0e93a29-63b6-41d9-b4be-8f5fd028ac4f",
              "parentUUID": "b66b480b-7a81-4caf-87d9-1316be435ecb",
              "isHook": false,
              "skipped": false
            }
          ],
          "suites": [],
          "passes": [
            "c0e93a29-63b6-41d9-b4be-8f5fd028ac4f"
          ],
          "failures": [],
          "pending": [],
          "skipped": [],
          "duration": 8692,
          "root": false,
          "rootEmpty": false,
          "_timeout": 2000
        }
      ],
      "passes": [],
      "failures": [],
      "pending": [],
      "skipped": [],
      "duration": 0,
      "root": true,
      "rootEmpty": true,
      "_timeout": 2000
    },
    {
      "uuid": "22a6b854-cb15-4581-92aa-8399f27b9460",
      "title": "",
      "fullFile": "cypress\\e2e\\smoke\\login.js",
      "file": "cypress\\e2e\\smoke\\login.js",
      "beforeHooks": [],
      "afterHooks": [],
      "tests": [],
      "suites": [
        {
          "uuid": "1dc12b5a-8f42-45ed-84f1-f63d4f04162e",
          "title": "Test contact us form via webdriveruni",
          "fullFile": "",
          "file": "",
          "beforeHooks": [],
          "afterHooks": [],
          "tests": [
            {
              "title": "should be able to submit a successful submission via contact us formas all requrired",
              "fullTitle": "Test contact us form via webdriveruni should be able to submit a successful submission via contact us formas all requrired",
              "timedOut": null,
              "duration": 15793,
              "state": "passed",
              "speed": "slow",
              "pass": true,
              "fail": false,
              "pending": false,
              "context": null,
              "code": "cy.fixture('testData.json').then(records => {\n  const filteredRecords = records.filter(record => record.status === 'Yes');\n  filteredRecords.forEach(record => {\n    cy.visit(\"http://www.webdriveruniversity.com\");\n    cy.get('#contact-us').invoke('removeAttr', 'target').click({\n      force: true\n    });\n    cy.typeInTextField('[name=\"first_name\"]', record.first_name);\n    cy.typeInTextField('[name=\"last_name\"]', record.last_name);\n    cy.typeInTextField('[name=\"email\"]', record.email);\n    cy.typeInTextField('textarea.feedback-input', record.body);\n    cy.checkIfVisible('[type=\"submit\"]');\n    cy.clickButton('[type=\"submit\"]');\n    cy.checkTextContent('h1', 'Thank You for your Message!');\n  });\n});",
              "err": {},
              "uuid": "d40c6273-6833-4da2-8c53-0b63ada915cd",
              "parentUUID": "1dc12b5a-8f42-45ed-84f1-f63d4f04162e",
              "isHook": false,
              "skipped": false
            }
          ],
          "suites": [],
          "passes": [
            "d40c6273-6833-4da2-8c53-0b63ada915cd"
          ],
          "failures": [],
          "pending": [],
          "skipped": [],
          "duration": 15793,
          "root": false,
          "rootEmpty": false,
          "_timeout": 2000
        }
      ],
      "passes": [],
      "failures": [],
      "pending": [],
      "skipped": [],
      "duration": 0,
      "root": true,
      "rootEmpty": true,
      "_timeout": 2000
    },
    {
      "uuid": "f505fa0f-2b67-416d-a47d-a4884ba16a4b",
      "title": "",
      "fullFile": "cypress\\e2e\\webdriver-uni\\add-multiple-items-to-basket.js",
      "file": "cypress\\e2e\\webdriver-uni\\add-multiple-items-to-basket.js",
      "beforeHooks": [],
      "afterHooks": [],
      "tests": [],
      "suites": [
        {
          "uuid": "0448cedc-80e0-4658-b06d-dc74a9dbdfad",
          "title": "Add multiple items to basket",
          "fullFile": "",
          "file": "",
          "beforeHooks": [],
          "afterHooks": [],
          "tests": [
            {
              "title": "Add specific items to basket",
              "fullTitle": "Add multiple items to basket Add specific items to basket",
              "timedOut": null,
              "duration": 13388,
              "state": "failed",
              "speed": null,
              "pass": false,
              "fail": true,
              "pending": false,
              "context": null,
              "code": "globalThis.data.productName.forEach(function (element) {\n  cy.addProductToBasket(element);\n});\ncy.get('.dropdown-toggle > .fa').click();",
              "err": {
                "message": "AssertionError: Timed out retrying after 10000ms: Expected to find element: `a[href*='product/category&path=']`, but never found it.\n\nBecause this error occurred during a `before each` hook we are skipping the remaining tests in the current suite: `Add multiple items to basket`",
                "estack": "AssertionError: Timed out retrying after 10000ms: Expected to find element: `a[href*='product/category&path=']`, but never found it.\n\nBecause this error occurred during a `before each` hook we are skipping the remaining tests in the current suite: `Add multiple items to basket`\n    at Context.eval (webpack:///./cypress/e2e/webdriver-uni/add-multiple-items-to-basket.js:12:7)",
                "diff": null
              },
              "uuid": "67f7c542-5a03-417a-a63b-6ff2377dd625",
              "parentUUID": "0448cedc-80e0-4658-b06d-dc74a9dbdfad",
              "isHook": false,
              "skipped": false
            }
          ],
          "suites": [],
          "passes": [],
          "failures": [
            "67f7c542-5a03-417a-a63b-6ff2377dd625"
          ],
          "pending": [],
          "skipped": [],
          "duration": 13388,
          "root": false,
          "rootEmpty": false,
          "_timeout": 2000
        }
      ],
      "passes": [],
      "failures": [],
      "pending": [],
      "skipped": [],
      "duration": 0,
      "root": true,
      "rootEmpty": true,
      "_timeout": 2000
    },
    {
      "uuid": "32037481-fbe1-443e-8ce0-2fa1f42122ab",
      "title": "",
      "fullFile": "cypress\\e2e\\webdriver-uni\\autoCompleteList.js",
      "file": "cypress\\e2e\\webdriver-uni\\autoCompleteList.js",
      "beforeHooks": [],
      "afterHooks": [],
      "tests": [],
      "suites": [
        {
          "uuid": "a653dfea-acd6-4c23-9484-c716ec7bda49",
          "title": "Verify Autocomplete dropwdown lists via webdriveruni",
          "fullFile": "",
          "file": "",
          "beforeHooks": [],
          "afterHooks": [],
          "tests": [
            {
              "title": "Select specific product via autocomplete list",
              "fullTitle": "Verify Autocomplete dropwdown lists via webdriveruni Select specific product via autocomplete list",
              "timedOut": null,
              "duration": 6075,
              "state": "passed",
              "speed": "medium",
              "pass": true,
              "fail": false,
              "pending": false,
              "context": null,
              "code": "cy.visit(\"http://www.webdriveruniversity.com\");\ncy.get('#autocomplete-textfield').invoke('removeAttr', 'target').click({\n  force: true\n});\ncy.get('#myInput').type('A');\ncy.get('#myInputautocomplete-list > *').each(($el, index, $list) => {\n  const prod = $el.text();\n  const productToSelect = 'Avacado';\n  if (prod === productToSelect) {\n    // $el.click();\n    $el.trigger(\"click\");\n    cy.get('#submit-button').click();\n    cy.url().should('include', productToSelect);\n  }\n}).then(() => {\n  cy.get('#myInput').type('G');\n  cy.get('#myInputautocomplete-list > *').each(($el, index, $list) => {\n    const prod = $el.text();\n    const productToSelect = 'Grapes';\n    if (prod === productToSelect) {\n      // $el.click();\n      $el.trigger(\"click\");\n      cy.get('#submit-button').click();\n      cy.url().should('include', productToSelect);\n    }\n  });\n});",
              "err": {},
              "uuid": "4c4504a9-d416-4e07-aa92-dee4cabc2a55",
              "parentUUID": "a653dfea-acd6-4c23-9484-c716ec7bda49",
              "isHook": false,
              "skipped": false
            }
          ],
          "suites": [],
          "passes": [
            "4c4504a9-d416-4e07-aa92-dee4cabc2a55"
          ],
          "failures": [],
          "pending": [],
          "skipped": [],
          "duration": 6075,
          "root": false,
          "rootEmpty": false,
          "_timeout": 2000
        }
      ],
      "passes": [],
      "failures": [],
      "pending": [],
      "skipped": [],
      "duration": 0,
      "root": true,
      "rootEmpty": true,
      "_timeout": 2000
    },
    {
      "uuid": "6e3c0aed-e01c-4cf2-8de7-96b140c3905e",
      "title": "",
      "fullFile": "cypress\\e2e\\webdriver-uni\\browserNavigation.js",
      "file": "cypress\\e2e\\webdriver-uni\\browserNavigation.js",
      "beforeHooks": [],
      "afterHooks": [],
      "tests": [],
      "suites": [
        {
          "uuid": "87f6d22c-ffa5-40cf-9e90-e9bc1676794b",
          "title": "Validate webdriveruni homepage links",
          "fullFile": "",
          "file": "",
          "beforeHooks": [],
          "afterHooks": [],
          "tests": [
            {
              "title": "Confirm links redirect to the correct pages",
              "fullTitle": "Validate webdriveruni homepage links Confirm links redirect to the correct pages",
              "timedOut": null,
              "duration": 16522,
              "state": "passed",
              "speed": "slow",
              "pass": true,
              "fail": false,
              "pending": false,
              "context": null,
              "code": "//cy.visit(\"http://www.webdriveruniversity.com/Contact-Us/contactus.html\");\ncy.visit(\"http://www.webdriveruniversity.com\");\ncy.get('#contact-us').invoke('removeAttr', 'target').click({\n  force: true\n});\ncy.url().should('include', 'contactus');\ncy.go('back');\ncy.reload();\ncy.url().should('include', 'http://www.webdriveruniversity.com/');\n//cy.reload(true) //reload without using cache\ncy.go('forward');\ncy.url().should('include', 'contactus');\ncy.go('back');\ncy.get('#login-portal').invoke('removeAttr', 'target').click({\n  force: true\n});\ncy.url().should('include', 'Login-Portal');\ncy.go('back');\ncy.get('#to-do-list').invoke('removeAttr', 'target').click({\n  force: true\n});\ncy.url().should('include', 'To-Do-List');\ncy.go('back');",
              "err": {},
              "uuid": "c2fbd1a3-2602-4d66-b912-a7d60fd8529c",
              "parentUUID": "87f6d22c-ffa5-40cf-9e90-e9bc1676794b",
              "isHook": false,
              "skipped": false
            }
          ],
          "suites": [],
          "passes": [
            "c2fbd1a3-2602-4d66-b912-a7d60fd8529c"
          ],
          "failures": [],
          "pending": [],
          "skipped": [],
          "duration": 16522,
          "root": false,
          "rootEmpty": false,
          "_timeout": 2000
        }
      ],
      "passes": [],
      "failures": [],
      "pending": [],
      "skipped": [],
      "duration": 0,
      "root": true,
      "rootEmpty": true,
      "_timeout": 2000
    },
    {
      "uuid": "8a8cf3f6-2b2f-4acd-8d7b-ccabf76943d9",
      "title": "",
      "fullFile": "cypress\\e2e\\webdriver-uni\\checkboxes.js",
      "file": "cypress\\e2e\\webdriver-uni\\checkboxes.js",
      "beforeHooks": [],
      "afterHooks": [],
      "tests": [],
      "suites": [
        {
          "uuid": "7ced85fc-31e2-47e6-876f-9ab72c4e6159",
          "title": "Verify checkboxes via webdriveruni",
          "fullFile": "",
          "file": "",
          "beforeHooks": [],
          "afterHooks": [],
          "tests": [
            {
              "title": "Check and validate checkbox",
              "fullTitle": "Verify checkboxes via webdriveruni Check and validate checkbox",
              "timedOut": null,
              "duration": 3569,
              "state": "passed",
              "speed": "fast",
              "pass": true,
              "fail": false,
              "pending": false,
              "context": null,
              "code": "// cy.visit(\"http://www.webdriveruniversity.com\")\n// cy.get('#dropdown-checkboxes-radiobuttons').invoke('removeAttr', 'target').click({force:true})\n//cy.get('#checkboxes > :nth-child(1) > input').check()\n//cy.get('#checkboxes > :nth-child(1) > input').check().should('be.checked')\ncy.get('#checkboxes > :nth-child(1) > input').as('option-1');\n//cy.get('@option-1').check();\ncy.get('@option-1').check().should('be.checked');",
              "err": {},
              "uuid": "9aba4ec2-5404-4d56-bbce-c1b19ab2fdce",
              "parentUUID": "7ced85fc-31e2-47e6-876f-9ab72c4e6159",
              "isHook": false,
              "skipped": false
            },
            {
              "title": "Uncheck and validate checkbox",
              "fullTitle": "Verify checkboxes via webdriveruni Uncheck and validate checkbox",
              "timedOut": null,
              "duration": 775,
              "state": "passed",
              "speed": "fast",
              "pass": true,
              "fail": false,
              "pending": false,
              "context": null,
              "code": "// cy.visit(\"http://www.webdriveruniversity.com\")\n// cy.get('#dropdown-checkboxes-radiobuttons').invoke('removeAttr', 'target').click({force:true})\ncy.get(':nth-child(5) > input').as('option-3');\ncy.get('@option-3').uncheck().should('not.be.checked');",
              "err": {},
              "uuid": "4bc6277e-1d74-4534-913d-4dfb24d2754f",
              "parentUUID": "7ced85fc-31e2-47e6-876f-9ab72c4e6159",
              "isHook": false,
              "skipped": false
            },
            {
              "title": "Check multiple checkboxes",
              "fullTitle": "Verify checkboxes via webdriveruni Check multiple checkboxes",
              "timedOut": null,
              "duration": 932,
              "state": "passed",
              "speed": "fast",
              "pass": true,
              "fail": false,
              "pending": false,
              "context": null,
              "code": "// cy.visit(\"http://www.webdriveruniversity.com\")\n// cy.get('#dropdown-checkboxes-radiobuttons').invoke('removeAttr', 'target').click({force:true})\ncy.get(\"input[type='checkbox']\").check([\"option-1\", \"option-2\", \"option-3\", \"option-4\"]).should('be.checked');",
              "err": {},
              "uuid": "14e92fc1-5a11-478e-8305-d323c80b3463",
              "parentUUID": "7ced85fc-31e2-47e6-876f-9ab72c4e6159",
              "isHook": false,
              "skipped": false
            }
          ],
          "suites": [],
          "passes": [
            "9aba4ec2-5404-4d56-bbce-c1b19ab2fdce",
            "4bc6277e-1d74-4534-913d-4dfb24d2754f",
            "14e92fc1-5a11-478e-8305-d323c80b3463"
          ],
          "failures": [],
          "pending": [],
          "skipped": [],
          "duration": 5276,
          "root": false,
          "rootEmpty": false,
          "_timeout": 2000
        }
      ],
      "passes": [],
      "failures": [],
      "pending": [],
      "skipped": [],
      "duration": 0,
      "root": true,
      "rootEmpty": true,
      "_timeout": 2000
    },
    {
      "uuid": "61efd1b4-48ea-4e80-9412-c18d96e00d13",
      "title": "",
      "fullFile": "cypress\\e2e\\webdriver-uni\\contact-us.js",
      "file": "cypress\\e2e\\webdriver-uni\\contact-us.js",
      "beforeHooks": [],
      "afterHooks": [],
      "tests": [],
      "suites": [
        {
          "uuid": "f3a1683d-1577-463d-b851-b602a111832f",
          "title": "Test contact us form via WebdriverUni",
          "fullFile": "",
          "file": "",
          "beforeHooks": [],
          "afterHooks": [],
          "tests": [
            {
              "title": "Shouldn't be able to submit a successful submission via contact us form as all fields are required",
              "fullTitle": "Test contact us form via WebdriverUni Shouldn't be able to submit a successful submission via contact us form as all fields are required",
              "timedOut": null,
              "duration": 4388,
              "state": "passed",
              "speed": "fast",
              "pass": true,
              "fail": false,
              "pending": false,
              "context": null,
              "code": "//cypress code\ncy.visit('http://www.webdriveruniversity.com/');\ncy.get('#contact-us').invoke('removeAttr', 'target').click({\n  force: true\n});\n//cy.visit('http://www.webdriveruniversity.com/Contact-Us/contactus.html')\ncy.get('[name=\"first_name\"]').type('Jungkook');\ncy.get('[name=\"last_name\"]').type('Jeon');\n//cy.get('[name=\"email\"]').type('jk1997@gmail.com')\ncy.get('textarea.feedback-input').type('Hi,I am JK from BTS');\ncy.get('[type=\"submit\"]').click();\ncy.get('body').contains('Error: all fields are required');",
              "err": {},
              "uuid": "1b484c6e-26db-4ea3-9c2e-026886a8c25e",
              "parentUUID": "f3a1683d-1577-463d-b851-b602a111832f",
              "isHook": false,
              "skipped": false
            }
          ],
          "suites": [],
          "passes": [
            "1b484c6e-26db-4ea3-9c2e-026886a8c25e"
          ],
          "failures": [],
          "pending": [],
          "skipped": [],
          "duration": 4388,
          "root": false,
          "rootEmpty": false,
          "_timeout": 2000
        }
      ],
      "passes": [],
      "failures": [],
      "pending": [],
      "skipped": [],
      "duration": 0,
      "root": true,
      "rootEmpty": true,
      "_timeout": 2000
    },
    {
      "uuid": "44f44dfb-4bef-4125-b9d7-13f034f09a98",
      "title": "",
      "fullFile": "cypress\\e2e\\webdriver-uni\\contact.js",
      "file": "cypress\\e2e\\webdriver-uni\\contact.js",
      "beforeHooks": [],
      "afterHooks": [],
      "tests": [],
      "suites": [
        {
          "uuid": "d3ad704e-45a7-4d87-bb32-f6402d04dcc2",
          "title": "Test Contact Us form via WebdriverUni",
          "fullFile": "",
          "file": "",
          "beforeHooks": [],
          "afterHooks": [],
          "tests": [
            {
              "title": "Should be able to submit a successful submission via contact us form",
              "fullTitle": "Test Contact Us form via WebdriverUni Should be able to submit a successful submission via contact us form",
              "timedOut": null,
              "duration": 5862,
              "state": "passed",
              "speed": "medium",
              "pass": true,
              "fail": false,
              "pending": false,
              "context": null,
              "code": "cy.visit(\"http://www.webdriveruniversity.com\");\ncy.get('#contact-us').invoke('removeAttr', 'target').click({\n  force: true\n});\ncy.document().should('have.property', 'charset').and('eq', 'UTF-8');\ncy.title().should('include', 'WebDriver | Contact Us');\ncy.url().should('include', 'contactus');\ncy.get('[name=\"first_name\"]').type(data.first_name);\ncy.get('[name=\"last_name\"]').type(data.last_name);\ncy.get('[name=\"email\"]').type(data.email);\ncy.get('textarea.feedback-input').type(\"How can I learn Cypress?\");\ncy.get('[type=\"submit\"]').click();\ncy.get('h1').should('have.text', 'Thank You for your Message!');",
              "err": {},
              "uuid": "bd30e521-7d33-4451-9eed-9c81e89f1f6a",
              "parentUUID": "d3ad704e-45a7-4d87-bb32-f6402d04dcc2",
              "isHook": false,
              "skipped": false
            },
            {
              "title": "Should not be able to submit a successful submission via contact us form as all fields are required",
              "fullTitle": "Test Contact Us form via WebdriverUni Should not be able to submit a successful submission via contact us form as all fields are required",
              "timedOut": null,
              "duration": 2751,
              "state": "passed",
              "speed": "fast",
              "pass": true,
              "fail": false,
              "pending": false,
              "context": null,
              "code": "//cy.visit(\"http://www.webdriveruniversity.com/Contact-Us/contactus.html\");\ncy.visit(\"http://www.webdriveruniversity.com\");\ncy.get('#contact-us').invoke('removeAttr', 'target').click({\n  force: true\n});\ncy.get('[name=\"first_name\"]').type(data.first_name);\ncy.get('[name=\"last_name\"]').type(data.last_name);\ncy.get('textarea.feedback-input').type(\"How can I learn Cypress?\");\ncy.get('[type=\"submit\"]').click();\ncy.get('body').contains('Error: all fields are required');",
              "err": {},
              "uuid": "b7500829-eda1-40b1-9807-7e14c41c777e",
              "parentUUID": "d3ad704e-45a7-4d87-bb32-f6402d04dcc2",
              "isHook": false,
              "skipped": false
            }
          ],
          "suites": [],
          "passes": [
            "bd30e521-7d33-4451-9eed-9c81e89f1f6a",
            "b7500829-eda1-40b1-9807-7e14c41c777e"
          ],
          "failures": [],
          "pending": [],
          "skipped": [],
          "duration": 8613,
          "root": false,
          "rootEmpty": false,
          "_timeout": 2000
        }
      ],
      "passes": [],
      "failures": [],
      "pending": [],
      "skipped": [],
      "duration": 0,
      "root": true,
      "rootEmpty": true,
      "_timeout": 2000
    },
    {
      "uuid": "d6b1e7b4-9d82-44fd-ae8d-f40b72fbfdde",
      "title": "",
      "fullFile": "cypress\\e2e\\webdriver-uni\\contactUs1.js",
      "file": "cypress\\e2e\\webdriver-uni\\contactUs1.js",
      "beforeHooks": [],
      "afterHooks": [],
      "tests": [],
      "suites": [
        {
          "uuid": "23cc9dfb-138f-4257-a498-a3d831b16d5a",
          "title": "Test Contact Us form via WebdriverUni",
          "fullFile": "",
          "file": "",
          "beforeHooks": [],
          "afterHooks": [],
          "tests": [
            {
              "title": "Should be able to submit a successful submission via contact us form",
              "fullTitle": "Test Contact Us form via WebdriverUni Should be able to submit a successful submission via contact us form",
              "timedOut": null,
              "duration": 10269,
              "state": "passed",
              "speed": "slow",
              "pass": true,
              "fail": false,
              "pending": false,
              "context": null,
              "code": "cy.document().should(\"have.property\", \"charset\").and(\"eq\", \"UTF-8\");\ncy.title().should(\"include\", \"WebDriver | Contact Us\");\ncy.url().should(\"include\", \"contactus\");\n// const contact_Us_PO= new Contact_Us_PO();\ncontact_Us_PO.contactForm_Submission(Cypress.env(\"first_name\"), data.last_name, data.email, data.body, 'h1', 'Thank You for your Message!');",
              "err": {},
              "uuid": "ec278f9c-d863-4bdb-aae4-c7abfd0352ae",
              "parentUUID": "23cc9dfb-138f-4257-a498-a3d831b16d5a",
              "isHook": false,
              "skipped": false
            },
            {
              "title": "Should not be able to submit a successful submission via contact us form as all fields are required",
              "fullTitle": "Test Contact Us form via WebdriverUni Should not be able to submit a successful submission via contact us form as all fields are required",
              "timedOut": null,
              "duration": 4092,
              "state": "passed",
              "speed": "fast",
              "pass": true,
              "fail": false,
              "pending": false,
              "context": null,
              "code": "// cy.get('[name=\"first_name\"]').type(data.first_name);\n// cy.get('[name=\"last_name\"]').type(data.last_name);\n// cy.get('textarea.feedback-input').type(\"How can I learn Cypress?\")\n// cy.get('[type=\"submit\"]').click();\n// cy.get('body').contains('Error: all fields are required');\ncontact_Us_PO.contactForm_Submission(Cypress.env(\"first_name\"), data.last_name, \" \", data.body, 'body', 'Error: Invalid email address');",
              "err": {},
              "uuid": "af9361cd-549b-403e-932e-bd171d799164",
              "parentUUID": "23cc9dfb-138f-4257-a498-a3d831b16d5a",
              "isHook": false,
              "skipped": false
            }
          ],
          "suites": [],
          "passes": [
            "ec278f9c-d863-4bdb-aae4-c7abfd0352ae",
            "af9361cd-549b-403e-932e-bd171d799164"
          ],
          "failures": [],
          "pending": [],
          "skipped": [],
          "duration": 14361,
          "root": false,
          "rootEmpty": false,
          "_timeout": 2000
        }
      ],
      "passes": [],
      "failures": [],
      "pending": [],
      "skipped": [],
      "duration": 0,
      "root": true,
      "rootEmpty": true,
      "_timeout": 2000
    },
    {
      "uuid": "70b39f2f-71c0-4cb1-aa03-1d93f1a6f328",
      "title": "",
      "fullFile": "cypress\\e2e\\webdriver-uni\\data-tables.js",
      "file": "cypress\\e2e\\webdriver-uni\\data-tables.js",
      "beforeHooks": [],
      "afterHooks": [],
      "tests": [],
      "suites": [
        {
          "uuid": "946d7321-fa62-47d4-b48e-d8e1daa0e891",
          "title": "Handling data via webdriveruni",
          "fullFile": "",
          "file": "",
          "beforeHooks": [],
          "afterHooks": [],
          "tests": [
            {
              "title": "Calculate and assert the total age of all users",
              "fullTitle": "Handling data via webdriveruni Calculate and assert the total age of all users",
              "timedOut": null,
              "duration": 6580,
              "state": "passed",
              "speed": "medium",
              "pass": true,
              "fail": false,
              "pending": false,
              "context": null,
              "code": "var userDetails = [];\nlet numb = 0;\ncy.get('#thumbnail-1 td').each(($el, index, $list) => {\n  userDetails[index] = $el.text();\n}).then(() => {\n  var i;\n  for (i = 0; i < userDetails.length; i++) {\n    if (Number(userDetails[i])) {\n      numb += Number(userDetails[i]);\n    }\n    //cy.log(userDetails[i])\n  }\n  cy.log(\"Found total age: \" + numb);\n  expect(numb).to.eq(322);\n});",
              "err": {},
              "uuid": "f000b29e-6c52-4e81-9475-2f4f8badfe1f",
              "parentUUID": "946d7321-fa62-47d4-b48e-d8e1daa0e891",
              "isHook": false,
              "skipped": false
            },
            {
              "title": "Calculate and assert the age of a given user based on last name",
              "fullTitle": "Handling data via webdriveruni Calculate and assert the age of a given user based on last name",
              "timedOut": null,
              "duration": 1049,
              "state": "passed",
              "speed": "fast",
              "pass": true,
              "fail": false,
              "pending": false,
              "context": null,
              "code": "cy.get('#thumbnail-1 tr td:nth-child(2)').each(($el, index, $list) => {\n  const text = $el.text();\n  if (text.includes(\"Woods\")) {\n    cy.get('#thumbnail-1 tr td:nth-child(2)').eq(index).next().then(function (age) {\n      const userAge = age.text();\n      expect(userAge).to.equal(\"80\");\n    });\n  }\n});",
              "err": {},
              "uuid": "82f084f7-4fab-49f5-9503-51ac945376a1",
              "parentUUID": "946d7321-fa62-47d4-b48e-d8e1daa0e891",
              "isHook": false,
              "skipped": false
            }
          ],
          "suites": [],
          "passes": [
            "f000b29e-6c52-4e81-9475-2f4f8badfe1f",
            "82f084f7-4fab-49f5-9503-51ac945376a1"
          ],
          "failures": [],
          "pending": [],
          "skipped": [],
          "duration": 7629,
          "root": false,
          "rootEmpty": false,
          "_timeout": 2000
        }
      ],
      "passes": [],
      "failures": [],
      "pending": [],
      "skipped": [],
      "duration": 0,
      "root": true,
      "rootEmpty": true,
      "_timeout": 2000
    },
    {
      "uuid": "88550d6f-cd6b-45f9-b801-10d0d80cc14b",
      "title": "",
      "fullFile": "cypress\\e2e\\webdriver-uni\\datePicker.js",
      "file": "cypress\\e2e\\webdriver-uni\\datePicker.js",
      "beforeHooks": [],
      "afterHooks": [],
      "tests": [],
      "suites": [
        {
          "uuid": "d9c8d5ab-dec7-4b5f-a72c-f437d95fee14",
          "title": "Test Datepicker via webdriveruni",
          "fullFile": "",
          "file": "",
          "beforeHooks": [],
          "afterHooks": [],
          "tests": [
            {
              "title": "Select date from the datepicker",
              "fullTitle": "Test Datepicker via webdriveruni Select date from the datepicker",
              "timedOut": null,
              "duration": 9006,
              "state": "passed",
              "speed": "medium",
              "pass": true,
              "fail": false,
              "pending": false,
              "context": null,
              "code": "cy.visit(\"http://www.webdriveruniversity.com\");\ncy.get('#datepicker').invoke('removeAttr', 'target').click({\n  force: true\n});\ncy.get('#datepicker').click();\n// let date = new Date();\n// date.setDate(date.getDate())\n// cy.log(date.getDate()) //get current day i.e. 22\n// let date2 = new Date();\n// date2.setDate(date.getDate() + 5)\n// cy.log(date2.getDate()) //get current day i.e. 22 + 5 = 27\nvar date = new Date();\ndate.setDate(date.getDate() + 400);\nvar futureYear = date.getFullYear();\nvar futureMonth = date.toLocaleString(\"default\", {\n  month: \"long\"\n});\nvar futureDay = date.getDate();\ncy.log(\"Future year to select: \" + futureYear);\ncy.log(\"Future month to select: \" + futureMonth);\ncy.log(\"Future day to select: \" + futureDay);\nfunction selectMonthAndYear() {\n  cy.get('.datepicker-dropdown').find('.datepicker-switch').first().then(currentDate => {\n    if (!currentDate.text().includes(futureYear)) {\n      cy.get('.next').first().click();\n      selectMonthAndYear();\n    }\n  }).then(() => {\n    cy.get('.datepicker-dropdown').find('.datepicker-switch').first().then(currentDate => {\n      if (!currentDate.text().includes(futureMonth)) {\n        cy.get('.next').first().click();\n        selectMonthAndYear();\n      }\n    });\n  });\n}\nfunction selectFutureDay() {\n  cy.get('[class=\"day\"]').contains(futureDay).click();\n}\nselectMonthAndYear();\nselectFutureDay();",
              "err": {},
              "uuid": "1e1434da-53e5-4046-ab60-f5303d6c933d",
              "parentUUID": "d9c8d5ab-dec7-4b5f-a72c-f437d95fee14",
              "isHook": false,
              "skipped": false
            }
          ],
          "suites": [],
          "passes": [
            "1e1434da-53e5-4046-ab60-f5303d6c933d"
          ],
          "failures": [],
          "pending": [],
          "skipped": [],
          "duration": 9006,
          "root": false,
          "rootEmpty": false,
          "_timeout": 2000
        }
      ],
      "passes": [],
      "failures": [],
      "pending": [],
      "skipped": [],
      "duration": 0,
      "root": true,
      "rootEmpty": true,
      "_timeout": 2000
    },
    {
      "uuid": "3844a7a1-2dfb-478d-803c-7da1698c62b3",
      "title": "",
      "fullFile": "cypress\\e2e\\webdriver-uni\\dropdown.js",
      "file": "cypress\\e2e\\webdriver-uni\\dropdown.js",
      "beforeHooks": [],
      "afterHooks": [],
      "tests": [],
      "suites": [
        {
          "uuid": "93f477ab-fcd9-47f5-b558-cc3dc2c0b3c3",
          "title": "Interact with dropdown lists via webdriveruni",
          "fullFile": "",
          "file": "",
          "beforeHooks": [],
          "afterHooks": [],
          "tests": [
            {
              "title": "Select specific values via select dropdown lists",
              "fullTitle": "Interact with dropdown lists via webdriveruni Select specific values via select dropdown lists",
              "timedOut": null,
              "duration": 4660,
              "state": "passed",
              "speed": "fast",
              "pass": true,
              "fail": false,
              "pending": false,
              "context": null,
              "code": "cy.visit(\"http://www.webdriveruniversity.com\");\ncy.get('#dropdown-checkboxes-radiobuttons').invoke('removeAttr', 'target').click({\n  force: true\n});\ncy.get('#dropdowm-menu-1').select('c#');\ncy.get('#dropdowm-menu-2').select('testng').should('have.value', 'testng');\ncy.get('#dropdowm-menu-3').select('JQuery').contains('JQuery');\ncy.get('#dropdowm-menu-2').select('maven').should('have.value', 'maven');\ncy.get('#dropdowm-menu-2').select('TestNG').contains('TestNG');",
              "err": {},
              "uuid": "981c7c03-df39-4a95-ad12-afdd7b76103c",
              "parentUUID": "93f477ab-fcd9-47f5-b558-cc3dc2c0b3c3",
              "isHook": false,
              "skipped": false
            }
          ],
          "suites": [],
          "passes": [
            "981c7c03-df39-4a95-ad12-afdd7b76103c"
          ],
          "failures": [],
          "pending": [],
          "skipped": [],
          "duration": 4660,
          "root": false,
          "rootEmpty": false,
          "_timeout": 2000
        }
      ],
      "passes": [],
      "failures": [],
      "pending": [],
      "skipped": [],
      "duration": 0,
      "root": true,
      "rootEmpty": true,
      "_timeout": 2000
    },
    {
      "uuid": "b6b4a0f1-ba1c-44e6-a9e4-7a3802b07949",
      "title": "",
      "fullFile": "cypress\\e2e\\webdriver-uni\\file-upload.js",
      "file": "cypress\\e2e\\webdriver-uni\\file-upload.js",
      "beforeHooks": [],
      "afterHooks": [],
      "tests": [],
      "suites": [
        {
          "uuid": "004e2607-2448-4ef9-9ba4-ee605d842b9a",
          "title": "Test File Upload via webdriveruni",
          "fullFile": "",
          "file": "",
          "beforeHooks": [],
          "afterHooks": [],
          "tests": [
            {
              "title": "Upload a file....",
              "fullTitle": "Test File Upload via webdriveruni Upload a file....",
              "timedOut": null,
              "duration": 4449,
              "state": "passed",
              "speed": "fast",
              "pass": true,
              "fail": false,
              "pending": false,
              "context": null,
              "code": "cy.visit(\"http://www.webdriveruniversity.com\");\ncy.get('#file-upload').invoke('removeAttr', 'target').click({\n  force: true\n});\ncy.get('#myFile').selectFile(\"cypress/fixtures/laptop.png\");\ncy.get(\"#submit-button\").click();",
              "err": {},
              "uuid": "bcf4a67f-357d-43cd-a506-e8516890d470",
              "parentUUID": "004e2607-2448-4ef9-9ba4-ee605d842b9a",
              "isHook": false,
              "skipped": false
            },
            {
              "title": "Upload No file...",
              "fullTitle": "Test File Upload via webdriveruni Upload No file...",
              "timedOut": null,
              "duration": 1431,
              "state": "passed",
              "speed": "fast",
              "pass": true,
              "fail": false,
              "pending": false,
              "context": null,
              "code": "cy.visit(\"http://www.webdriveruniversity.com\");\ncy.get('#file-upload').invoke('removeAttr', 'target').click({\n  force: true\n});\ncy.get(\"#submit-button\").click();",
              "err": {},
              "uuid": "6035f088-2940-4ebe-8448-ffb46ce86d30",
              "parentUUID": "004e2607-2448-4ef9-9ba4-ee605d842b9a",
              "isHook": false,
              "skipped": false
            }
          ],
          "suites": [],
          "passes": [
            "bcf4a67f-357d-43cd-a506-e8516890d470",
            "6035f088-2940-4ebe-8448-ffb46ce86d30"
          ],
          "failures": [],
          "pending": [],
          "skipped": [],
          "duration": 5880,
          "root": false,
          "rootEmpty": false,
          "_timeout": 2000
        }
      ],
      "passes": [],
      "failures": [],
      "pending": [],
      "skipped": [],
      "duration": 0,
      "root": true,
      "rootEmpty": true,
      "_timeout": 2000
    },
    {
      "uuid": "c1b15777-0625-4e7a-8688-2dc26f0338aa",
      "title": "",
      "fullFile": "cypress\\e2e\\webdriver-uni\\iframe.js",
      "file": "cypress\\e2e\\webdriver-uni\\iframe.js",
      "beforeHooks": [],
      "afterHooks": [],
      "tests": [],
      "suites": [
        {
          "uuid": "3e7acf75-9eb0-42c4-8d25-d4cc357a90c3",
          "title": "Handling IFrame & Modals",
          "fullFile": "",
          "file": "",
          "beforeHooks": [],
          "afterHooks": [],
          "tests": [
            {
              "title": "Handle webdriveruni iframe and modal",
              "fullTitle": "Handling IFrame & Modals Handle webdriveruni iframe and modal",
              "timedOut": null,
              "duration": 5072,
              "state": "passed",
              "speed": "medium",
              "pass": true,
              "fail": false,
              "pending": false,
              "context": null,
              "code": "cy.visit(\"http://www.webdriveruniversity.com\");\ncy.get('#iframe').invoke('removeAttr', 'target').click({\n  force: true\n});\ncy.get('#frame').then($iframe => {\n  const body = $iframe.contents().find('body');\n  cy.wrap(body).as('iframe');\n});\ncy.get('@iframe').find('#button-find-out-more').click();\ncy.get('@iframe').find('#myModal').as('modal');\ncy.get('@modal').should($expectedText => {\n  const text = $expectedText.text();\n  expect(text).to.include('Welcome to webdriveruniversity.com we sell a wide range of electrical goods');\n});\ncy.get('@modal').contains('Close').click();",
              "err": {},
              "uuid": "4ba38419-328a-475c-9dd1-52e135015a2c",
              "parentUUID": "3e7acf75-9eb0-42c4-8d25-d4cc357a90c3",
              "isHook": false,
              "skipped": false
            }
          ],
          "suites": [],
          "passes": [
            "4ba38419-328a-475c-9dd1-52e135015a2c"
          ],
          "failures": [],
          "pending": [],
          "skipped": [],
          "duration": 5072,
          "root": false,
          "rootEmpty": false,
          "_timeout": 2000
        }
      ],
      "passes": [],
      "failures": [],
      "pending": [],
      "skipped": [],
      "duration": 0,
      "root": true,
      "rootEmpty": true,
      "_timeout": 2000
    },
    {
      "uuid": "ef28aedf-9cf0-45a7-abe9-c12db70b0bd4",
      "title": "",
      "fullFile": "cypress\\e2e\\webdriver-uni\\js_alerts.js",
      "file": "cypress\\e2e\\webdriver-uni\\js_alerts.js",
      "beforeHooks": [],
      "afterHooks": [],
      "tests": [],
      "suites": [
        {
          "uuid": "f809a9f8-3e80-4664-aab0-973fa60ecbf7",
          "title": "Handle js alerts",
          "fullFile": "",
          "file": "",
          "beforeHooks": [],
          "afterHooks": [],
          "tests": [
            {
              "title": "Confirm js alert contains the correct text",
              "fullTitle": "Handle js alerts Confirm js alert contains the correct text",
              "timedOut": null,
              "duration": 4061,
              "state": "passed",
              "speed": "fast",
              "pass": true,
              "fail": false,
              "pending": false,
              "context": null,
              "code": "//cy.visit(\"http://www.webdriveruniversity.com/Contact-Us/contactus.html\");\ncy.visit(\"http://www.webdriveruniversity.com\");\ncy.get('#popup-alerts').invoke('removeAttr', 'target').click({\n  force: true\n});\ncy.get('#button1').click();\ncy.on('window:alert', str => {\n  expect(str).to.equal('I am an alert box!');\n});",
              "err": {},
              "uuid": "992cb2c7-7888-488c-8f15-b766c12c17db",
              "parentUUID": "f809a9f8-3e80-4664-aab0-973fa60ecbf7",
              "isHook": false,
              "skipped": false
            },
            {
              "title": "Validate js confirm alert box works correctly when clicking ok",
              "fullTitle": "Handle js alerts Validate js confirm alert box works correctly when clicking ok",
              "timedOut": null,
              "duration": 948,
              "state": "passed",
              "speed": "fast",
              "pass": true,
              "fail": false,
              "pending": false,
              "context": null,
              "code": "//cy.visit(\"http://www.webdriveruniversity.com/Contact-Us/contactus.html\");\ncy.visit(\"http://www.webdriveruniversity.com\");\ncy.get('#popup-alerts').invoke('removeAttr', 'target').click({\n  force: true\n});\ncy.get('#button4').click();\ncy.on('window:confirm', str => {\n  return true;\n});\ncy.get('#confirm-alert-text').contains('You pressed OK!');",
              "err": {},
              "uuid": "041a2e96-14ae-4226-afc5-4991d0d218c1",
              "parentUUID": "f809a9f8-3e80-4664-aab0-973fa60ecbf7",
              "isHook": false,
              "skipped": false
            },
            {
              "title": "Validate js confirm alert box works correctly when clicking cancel",
              "fullTitle": "Handle js alerts Validate js confirm alert box works correctly when clicking cancel",
              "timedOut": null,
              "duration": 1025,
              "state": "passed",
              "speed": "fast",
              "pass": true,
              "fail": false,
              "pending": false,
              "context": null,
              "code": "//cy.visit(\"http://www.webdriveruniversity.com/Contact-Us/contactus.html\");\ncy.visit(\"http://www.webdriveruniversity.com\");\ncy.get('#popup-alerts').invoke('removeAttr', 'target').click({\n  force: true\n});\ncy.get('#button4').click();\ncy.on('window:confirm', str => {\n  return false;\n});\ncy.get('#confirm-alert-text').contains('You pressed Cancel!');",
              "err": {},
              "uuid": "e96c3276-e127-4276-bbeb-a398a489645a",
              "parentUUID": "f809a9f8-3e80-4664-aab0-973fa60ecbf7",
              "isHook": false,
              "skipped": false
            },
            {
              "title": "Validate js confirm alert box using a stub",
              "fullTitle": "Handle js alerts Validate js confirm alert box using a stub",
              "timedOut": null,
              "duration": 1138,
              "state": "passed",
              "speed": "fast",
              "pass": true,
              "fail": false,
              "pending": false,
              "context": null,
              "code": "//cy.visit(\"http://www.webdriveruniversity.com/Contact-Us/contactus.html\");\ncy.visit(\"http://www.webdriveruniversity.com\");\ncy.get('#popup-alerts').invoke('removeAttr', 'target').click({\n  force: true\n});\nconst stub = cy.stub();\ncy.on('window:confirm', stub);\ncy.get('#button4').click().then(() => {\n  expect(stub.getCall(0)).to.be.calledWith('Press a button!');\n}).then(() => {\n  return true;\n}).then(() => {\n  cy.get('#confirm-alert-text').contains('You pressed OK!');\n});",
              "err": {},
              "uuid": "899e2ed8-955d-48ac-8bbf-5c4bd2404573",
              "parentUUID": "f809a9f8-3e80-4664-aab0-973fa60ecbf7",
              "isHook": false,
              "skipped": false
            }
          ],
          "suites": [],
          "passes": [
            "992cb2c7-7888-488c-8f15-b766c12c17db",
            "041a2e96-14ae-4226-afc5-4991d0d218c1",
            "e96c3276-e127-4276-bbeb-a398a489645a",
            "899e2ed8-955d-48ac-8bbf-5c4bd2404573"
          ],
          "failures": [],
          "pending": [],
          "skipped": [],
          "duration": 7172,
          "root": false,
          "rootEmpty": false,
          "_timeout": 2000
        }
      ],
      "passes": [],
      "failures": [],
      "pending": [],
      "skipped": [],
      "duration": 0,
      "root": true,
      "rootEmpty": true,
      "_timeout": 2000
    },
    {
      "uuid": "dc73ebe4-54fd-433a-b4f2-e2cf70697152",
      "title": "",
      "fullFile": "cypress\\e2e\\webdriver-uni\\mouseActions.js",
      "file": "cypress\\e2e\\webdriver-uni\\mouseActions.js",
      "beforeHooks": [],
      "afterHooks": [],
      "tests": [],
      "suites": [
        {
          "uuid": "1b1d4b05-fe59-48b5-acc6-311561bd67e5",
          "title": "Test mouse actions",
          "fullFile": "",
          "file": "",
          "beforeHooks": [],
          "afterHooks": [],
          "tests": [
            {
              "title": "Scroll element into view",
              "fullTitle": "Test mouse actions Scroll element into view",
              "timedOut": null,
              "duration": 4068,
              "state": "passed",
              "speed": "fast",
              "pass": true,
              "fail": false,
              "pending": false,
              "context": null,
              "code": "cy.visit(\"http://www.webdriveruniversity.com\");\ncy.get('#actions').scrollIntoView().invoke('removeAttr', 'target').click({\n  force: true\n});",
              "err": {},
              "uuid": "0b08321a-9f01-44d1-8bae-d6c77db2e891",
              "parentUUID": "1b1d4b05-fe59-48b5-acc6-311561bd67e5",
              "isHook": false,
              "skipped": false
            },
            {
              "title": "I should be able to drag and drop a draggable item",
              "fullTitle": "Test mouse actions I should be able to drag and drop a draggable item",
              "timedOut": null,
              "duration": 964,
              "state": "passed",
              "speed": "fast",
              "pass": true,
              "fail": false,
              "pending": false,
              "context": null,
              "code": "cy.visit(\"http://www.webdriveruniversity.com\");\ncy.get('#actions').scrollIntoView().invoke('removeAttr', 'target').click({\n  force: true\n});\ncy.get('#draggable').trigger('mousedown', {\n  which: 1\n});\ncy.get('#droppable').trigger('mousemove').trigger('mouseup', {\n  force: true\n});",
              "err": {},
              "uuid": "2fdf6c62-25ce-4e44-b208-226318f370e3",
              "parentUUID": "1b1d4b05-fe59-48b5-acc6-311561bd67e5",
              "isHook": false,
              "skipped": false
            },
            {
              "title": "I should be able to perform a double mouse click",
              "fullTitle": "Test mouse actions I should be able to perform a double mouse click",
              "timedOut": null,
              "duration": 944,
              "state": "passed",
              "speed": "fast",
              "pass": true,
              "fail": false,
              "pending": false,
              "context": null,
              "code": "cy.visit(\"http://www.webdriveruniversity.com\");\ncy.get('#actions').scrollIntoView().invoke('removeAttr', 'target').click({\n  force: true\n});\ncy.get('#double-click').dblclick();",
              "err": {},
              "uuid": "5fa79c19-9614-4dea-aa5f-ada061f683c3",
              "parentUUID": "1b1d4b05-fe59-48b5-acc6-311561bd67e5",
              "isHook": false,
              "skipped": false
            },
            {
              "title": "I should be able hold down the left mouse click button on a given element",
              "fullTitle": "Test mouse actions I should be able hold down the left mouse click button on a given element",
              "timedOut": null,
              "duration": 1041,
              "state": "passed",
              "speed": "fast",
              "pass": true,
              "fail": false,
              "pending": false,
              "context": null,
              "code": "cy.visit(\"http://www.webdriveruniversity.com\");\ncy.get('#actions').scrollIntoView().invoke('removeAttr', 'target').click({\n  force: true\n});\ncy.get('#click-box').trigger('mousedown', {\n  which: 1\n}).then($element => {\n  expect($element).to.have.css('background-color', 'rgb(0, 255, 0)');\n});",
              "err": {},
              "uuid": "34665888-675f-49aa-8d26-588b6e42424a",
              "parentUUID": "1b1d4b05-fe59-48b5-acc6-311561bd67e5",
              "isHook": false,
              "skipped": false
            }
          ],
          "suites": [],
          "passes": [
            "0b08321a-9f01-44d1-8bae-d6c77db2e891",
            "2fdf6c62-25ce-4e44-b208-226318f370e3",
            "5fa79c19-9614-4dea-aa5f-ada061f683c3",
            "34665888-675f-49aa-8d26-588b6e42424a"
          ],
          "failures": [],
          "pending": [],
          "skipped": [],
          "duration": 7017,
          "root": false,
          "rootEmpty": false,
          "_timeout": 2000
        }
      ],
      "passes": [],
      "failures": [],
      "pending": [],
      "skipped": [],
      "duration": 0,
      "root": true,
      "rootEmpty": true,
      "_timeout": 2000
    },
    {
      "uuid": "47496a2a-9181-41e7-a5af-d8ce7af9f1f8",
      "title": "",
      "fullFile": "cypress\\e2e\\webdriver-uni\\radioButtons.js",
      "file": "cypress\\e2e\\webdriver-uni\\radioButtons.js",
      "beforeHooks": [],
      "afterHooks": [],
      "tests": [],
      "suites": [
        {
          "uuid": "137e5372-3fe7-43b7-8864-8a5340a69fd9",
          "title": "Verify radio buttons via webdriveruni",
          "fullFile": "",
          "file": "",
          "beforeHooks": [],
          "afterHooks": [],
          "tests": [
            {
              "title": "Check specific radio buttons",
              "fullTitle": "Verify radio buttons via webdriveruni Check specific radio buttons",
              "timedOut": null,
              "duration": 4280,
              "state": "passed",
              "speed": "fast",
              "pass": true,
              "fail": false,
              "pending": false,
              "context": null,
              "code": "cy.get('#radio-buttons').find(\"[type='radio']\").first().check();\ncy.get('#radio-buttons').find(\"[type='radio']\").eq(1).check();",
              "err": {},
              "uuid": "d37db2b5-1deb-4a69-8359-b49b476f5f4c",
              "parentUUID": "137e5372-3fe7-43b7-8864-8a5340a69fd9",
              "isHook": false,
              "skipped": false
            },
            {
              "title": "Validate the states of specific radio buttons",
              "fullTitle": "Verify radio buttons via webdriveruni Validate the states of specific radio buttons",
              "timedOut": null,
              "duration": 923,
              "state": "passed",
              "speed": "fast",
              "pass": true,
              "fail": false,
              "pending": false,
              "context": null,
              "code": "// cy.visit(\"http://www.webdriveruniversity.com\")\n// cy.get('#dropdown-checkboxes-radiobuttons').invoke('removeAttr', 'target').click({force:true})\ncy.get(\"[value='lettuce']\").should('not.be.checked');\ncy.get(\"[value='pumpkin']\").should('be.checked');\ncy.get(\"[value='lettuce']\").check();\ncy.get(\"[value='lettuce']\").should('be.checked');\ncy.get(\"[value='pumpkin']\").should('not.be.checked');\ncy.get(\"[value='cabbage']\").should('be.disabled');",
              "err": {},
              "uuid": "cc0e2849-3c7a-4933-8ec1-463acb9587c6",
              "parentUUID": "137e5372-3fe7-43b7-8864-8a5340a69fd9",
              "isHook": false,
              "skipped": false
            }
          ],
          "suites": [],
          "passes": [
            "d37db2b5-1deb-4a69-8359-b49b476f5f4c",
            "cc0e2849-3c7a-4933-8ec1-463acb9587c6"
          ],
          "failures": [],
          "pending": [],
          "skipped": [],
          "duration": 5203,
          "root": false,
          "rootEmpty": false,
          "_timeout": 2000
        }
      ],
      "passes": [],
      "failures": [],
      "pending": [],
      "skipped": [],
      "duration": 0,
      "root": true,
      "rootEmpty": true,
      "_timeout": 2000
    },
    {
      "uuid": "08d4dcaf-dd99-4a41-9c25-8e1879e79b45",
      "title": "",
      "fullFile": "cypress\\e2e\\webdriver-uni\\traverseElements.js",
      "file": "cypress\\e2e\\webdriver-uni\\traverseElements.js",
      "beforeHooks": [],
      "afterHooks": [],
      "tests": [],
      "suites": [
        {
          "uuid": "410dc283-31c8-42a5-a994-792cae4f6cc8",
          "title": "Traversing DOM elements in Cypress",
          "fullFile": "",
[...]
              "timedOut": null,
              "duration": 2563,
              "state": "passed",
              "speed": "fast",
              "pass": true,
              "fail": false,
              "pending": false,
              "context": null,
              "code": "cy.get('.traversal-table > tbody > tr > td').last().should('contain', 'Scott');",
              "err": {},
              "uuid": "d873abad-9895-432d-9bf7-cf7b4b4ad5c9",
              "parentUUID": "410dc283-31c8-42a5-a994-792cae4f6cc8",
              "isHook": false,
              "skipped": false
            },
            {
              "title": "nextAll() to get all of the next sibling DOM elements within elements",
              "fullTitle": "Traversing DOM elements in Cypress nextAll() to get all of the next sibling DOM elements within elements",
              "timedOut": null,
              "duration": 1366,
              "state": "passed",
              "speed": "fast",
              "pass": true,
              "fail": false,
              "pending": false,
              "context": null,
              "code": "cy.get('.traversal-drinks-list').contains('Tea').nextAll().should('have.length', '3');",
              "err": {},
              "uuid": "30ff6648-0de7-4dd4-8bf2-ad7a1429d89f",
              "parentUUID": "410dc283-31c8-42a5-a994-792cae4f6cc8",
              "isHook": false,
              "skipped": false
            },
            {
              "title": "nextUntil() to get all of the next sibling DOM elements within elements until another element",
              "fullTitle": "Traversing DOM elements in Cypress nextUntil() to get all of the next sibling DOM elements within elements until another element",
              "timedOut": null,
              "duration": 1880,
              "state": "passed",
              "speed": "fast",
              "pass": true,
              "fail": false,
              "pending": false,
              "context": null,
              "code": "cy.get('#coffee').nextUntil('#milk');",
              "err": {},
              "uuid": "c98ac5a7-9213-4704-b901-818f13157b22",
              "parentUUID": "410dc283-31c8-42a5-a994-792cae4f6cc8",
              "isHook": false,
              "skipped": false
            },
            {
              "title": "not() to remove DOM element(s) from the set of elements",
              "fullTitle": "Traversing DOM elements in Cypress not() to remove DOM element(s) from the set of elements",
              "timedOut": null,
              "duration": 1164,
              "state": "passed",
              "speed": "fast",
              "pass": true,
              "fail": false,
              "pending": false,
              "context": null,
              "code": "cy.get('.traversal-button-states > button').not('.disabled').should('not.have.class', 'disabled');",
              "err": {},
              "uuid": "97d64c6f-488a-40d2-9dac-aaa76a3d7cde",
              "parentUUID": "410dc283-31c8-42a5-a994-792cae4f6cc8",
              "isHook": false,
              "skipped": false
            },
            {
              "title": "parent() To get parent DOM element of elements",
              "fullTitle": "Traversing DOM elements in Cypress parent() To get parent DOM element of elements",
              "timedOut": null,
              "duration": 1308,
              "state": "passed",
              "speed": "fast",
              "pass": true,
              "fail": false,
              "pending": false,
              "context": null,
              "code": "cy.get('.traversal-mark').parent().should('contain', 'Lorem ipsum dolor sit amet');",
              "err": {},
              "uuid": "a13354d0-5beb-428a-85db-b980704e4d0e",
              "parentUUID": "410dc283-31c8-42a5-a994-792cae4f6cc8",
              "isHook": false,
              "skipped": false
            },
            {
              "title": "parents() to get parents DOM element of elements",
              "fullTitle": "Traversing DOM elements in Cypress parents() to get parents DOM element of elements",
              "timedOut": null,
              "duration": 1358,
              "state": "passed",
              "speed": "fast",
              "pass": true,
              "fail": false,
              "pending": false,
              "context": null,
              "code": "cy.get('.traversal-cite').parents().should('match', 'blockquote');",
              "err": {},
              "uuid": "abef3365-0d1a-45c7-b48c-a43bc3563fc1",
              "parentUUID": "410dc283-31c8-42a5-a994-792cae4f6cc8",
              "isHook": false,
              "skipped": false
            },
            {
              "title": "prev() to get the previous sibling DOM element within elements",
              "fullTitle": "Traversing DOM elements in Cypress prev() to get the previous sibling DOM element within elements",
              "timedOut": null,
              "duration": 1297,
              "state": "passed",
              "speed": "fast",
              "pass": true,
              "fail": false,
              "pending": false,
              "context": null,
              "code": "cy.get('#sugar').prev().contains('Espresso');",
              "err": {},
              "uuid": "08720a7a-c31e-4745-9af0-ab698b7e5087",
              "parentUUID": "410dc283-31c8-42a5-a994-792cae4f6cc8",
              "isHook": false,
              "skipped": false
            },
            {
              "title": "prevAll() to get all previous sibling DOM elements within elements",
              "fullTitle": "Traversing DOM elements in Cypress prevAll() to get all previous sibling DOM elements within elements",
              "timedOut": null,
              "duration": 1223,
              "state": "passed",
              "speed": "fast",
              "pass": true,
              "fail": false,
              "pending": false,
              "context": null,
              "code": "cy.get('.sales').prevAll().should('have.length', 2);",
              "err": {},
              "uuid": "5ba0bf62-c537-4e4a-8e83-c7e495d25964",
              "parentUUID": "410dc283-31c8-42a5-a994-792cae4f6cc8",
              "isHook": false,
              "skipped": false
            },
            {
              "title": "prevUntil() to get all previous sibling DOM elements within elements until other element",
              "fullTitle": "Traversing DOM elements in Cypress prevUntil() to get all previous sibling DOM elements within elements until other element",
              "timedOut": null,
              "duration": 1440,
              "state": "passed",
              "speed": "fast",
              "pass": true,
              "fail": false,
              "pending": false,
              "context": null,
              "code": "cy.get('#veggie').prevUntil('#fruits').should('have.length', 5);",
              "err": {},
              "uuid": "9d166ffd-1af5-4d4d-adb2-1d7142ebbdaf",
              "parentUUID": "410dc283-31c8-42a5-a994-792cae4f6cc8",
              "isHook": false,
              "skipped": false
            },
            {
              "title": "siblings() To get all sibling DOM elements of elements",
              "fullTitle": "Traversing DOM elements in Cypress siblings() To get all sibling DOM elements of elements",
              "timedOut": null,
              "duration": 2080,
              "state": "passed",
              "speed": "fast",
              "pass": true,
              "fail": false,
              "pending": false,
              "context": null,
              "code": "cy.get('.traversal-button-other-states .active').siblings().should('have.length', 3);",
              "err": {},
              "uuid": "17e80a04-7688-4e27-ab65-dfa24e9160ab",
              "parentUUID": "410dc283-31c8-42a5-a994-792cae4f6cc8",
              "isHook": false,
              "skipped": false
            }
          ],
          "suites": [],
          "passes": [
            "38395cc2-0060-434a-a055-37aca3f3260d",
            "6d651d1a-96eb-40db-b478-91e0f9abd593",
            "1a187873-6753-4d97-ac82-76e200d37181",
            "8c27c8ee-3169-4008-9437-a3980d637e44",
            "0cd43a47-ea8b-4ead-b6ef-61ab4f84a4be",
            "ce5d21b3-3eea-41ad-b4f7-744ae7ab0efc",
            "d873abad-9895-432d-9bf7-cf7b4b4ad5c9",
            "30ff6648-0de7-4dd4-8bf2-ad7a1429d89f",
            "c98ac5a7-9213-4704-b901-818f13157b22",
            "97d64c6f-488a-40d2-9dac-aaa76a3d7cde",
            "a13354d0-5beb-428a-85db-b980704e4d0e",
            "abef3365-0d1a-45c7-b48c-a43bc3563fc1",
            "08720a7a-c31e-4745-9af0-ab698b7e5087",
            "5ba0bf62-c537-4e4a-8e83-c7e495d25964",
            "9d166ffd-1af5-4d4d-adb2-1d7142ebbdaf",
            "17e80a04-7688-4e27-ab65-dfa24e9160ab"
          ],
          "failures": [],
          "pending": [],
          "skipped": [],
          "duration": 29197,
          "root": false,
          "rootEmpty": false,
          "_timeout": 2000
        }
      ],
      "passes": [],
      "failures": [],
      "pending": [],
      "skipped": [],
      "duration": 0,
      "root": true,
      "rootEmpty": true,
      "_timeout": 2000
    },
    {
      "uuid": "6008d905-e22a-4aa5-814f-0943aa57c5da",
      "title": "",
      "fullFile": "cypress\\e2e\\1-getting-started\\todo.cy.js",
      "file": "cypress\\e2e\\1-getting-started\\todo.cy.js",
      "beforeHooks": [],
      "afterHooks": [],
      "tests": [],
      "suites": [
        {
          "uuid": "d98514be-b96b-4a2f-a91f-90c08a305de2",
          "title": "example to-do app",
          "fullFile": "",
          "file": "",
          "beforeHooks": [],
          "afterHooks": [],
          "tests": [
            {
              "title": "displays two todo items by default",
              "fullTitle": "example to-do app displays two todo items by default",
              "timedOut": null,
              "duration": 0,
              "state": "pending",
              "speed": null,
              "pass": false,
              "fail": false,
              "pending": true,
              "context": null,
              "code": "// We use the `cy.get()` command to get all elements that match the selector.\n// Then, we use `should` to assert that there are two matched items,\n// which are the two default items.\ncy.get('.todo-list li').should('have.length', 2);\n// We can go even further and check that the default todos each contain\n// the correct text. We use the `first` and `last` functions\n// to get just the first and last matched elements individually,\n// and then perform an assertion with `should`.\ncy.get('.todo-list li').first().should('have.text', 'Pay electric bill');\ncy.get('.todo-list li').last().should('have.text', 'Walk the dog');",
              "err": {},
              "uuid": "bf0079c0-231b-45f3-a4ed-18f7bd5dcb97",
              "parentUUID": "d98514be-b96b-4a2f-a91f-90c08a305de2",
              "isHook": false,
              "skipped": false
            },
            {
              "title": "can add new todo items",
              "fullTitle": "example to-do app can add new todo items",
              "timedOut": null,
              "duration": 0,
              "state": "pending",
              "speed": null,
              "pass": false,
              "fail": false,
              "pending": true,
              "context": null,
              "code": "// We'll store our item text in a variable so we can reuse it\nconst newItem = 'Feed the cat';\n// Let's get the input element and use the `type` command to\n// input our new list item. After typing the content of our item,\n// we need to type the enter key as well in order to submit the input.\n// This input has a data-test attribute so we'll use that to select the\n// element in accordance with best practices:\n// https://on.cypress.io/selecting-elements\ncy.get('[data-test=new-todo]').type(`${newItem}{enter}`);\n// Now that we've typed our new item, let's check that it actually was added to the list.\n// Since it's the newest item, it should exist as the last element in the list.\n// In addition, with the two default items, we should have a total of 3 elements in the list.\n// Since assertions yield the element that was asserted on,\n// we can chain both of these assertions together into a single statement.\ncy.get('.todo-list li').should('have.length', 3).last().should('have.text', newItem);",
              "err": {},
              "uuid": "c319b23c-0395-43b7-9542-6ff0821edc5a",
              "parentUUID": "d98514be-b96b-4a2f-a91f-90c08a305de2",
              "isHook": false,
              "skipped": false
            },
            {
              "title": "can check off an item as completed",
              "fullTitle": "example to-do app can check off an item as completed",
              "timedOut": null,
              "duration": 0,
              "state": "pending",
              "speed": null,
              "pass": false,
              "fail": false,
              "pending": true,
              "context": null,
              "code": "// In addition to using the `get` command to get an element by selector,\n// we can also use the `contains` command to get an element by its contents.\n// However, this will yield the <label>, which is lowest-level element that contains the text.\n// In order to check the item, we'll find the <input> element for this <label>\n// by traversing up the dom to the parent element. From there, we can `find`\n// the child checkbox <input> element and use the `check` command to check it.\ncy.contains('Pay electric bill').parent().find('input[type=checkbox]').check();\n// Now that we've checked the button, we can go ahead and make sure\n// that the list element is now marked as completed.\n// Again we'll use `contains` to find the <label> element and then use the `parents` command\n// to traverse multiple levels up the dom until we find the corresponding <li> element.\n// Once we get that element, we can assert that it has the completed class.\ncy.contains('Pay electric bill').parents('li').should('have.class', 'completed');",
              "err": {},
              "uuid": "2799717e-6a6b-424a-8f91-15344b0694be",
              "parentUUID": "d98514be-b96b-4a2f-a91f-90c08a305de2",
              "isHook": false,
              "skipped": false
            }
          ],
          "suites": [
            {
              "uuid": "553cf9b1-30a1-4b26-9e32-cfe6b170c5cd",
              "title": "with a checked task",
              "fullFile": "",
              "file": "",
              "beforeHooks": [],
              "afterHooks": [],
              "tests": [
                {
                  "title": "can filter for uncompleted tasks",
                  "fullTitle": "example to-do app with a checked task can filter for uncompleted tasks",
                  "timedOut": null,
                  "duration": 0,
                  "state": "pending",
                  "speed": null,
                  "pass": false,
                  "fail": false,
                  "pending": true,
                  "context": null,
                  "code": "// We'll click on the \"active\" button in order to\n// display only incomplete items\ncy.contains('Active').click();\n// After filtering, we can assert that there is only the one\n// incomplete item in the list.\ncy.get('.todo-list li').should('have.length', 1).first().should('have.text', 'Walk the dog');\n// For good measure, let's also assert that the task we checked off\n// does not exist on the page.\ncy.contains('Pay electric bill').should('not.exist');",
                  "err": {},
                  "uuid": "1b1fbac4-158c-4145-a0a3-f9c7688dd7c5",
                  "parentUUID": "553cf9b1-30a1-4b26-9e32-cfe6b170c5cd",
                  "isHook": false,
                  "skipped": false
                },
                {
                  "title": "can filter for completed tasks",
                  "fullTitle": "example to-do app with a checked task can filter for completed tasks",
                  "timedOut": null,
                  "duration": 0,
                  "state": "pending",
                  "speed": null,
                  "pass": false,
                  "fail": false,
                  "pending": true,
                  "context": null,
                  "code": "// We can perform similar steps as the test above to ensure\n// that only completed tasks are shown\ncy.contains('Completed').click();\ncy.get('.todo-list li').should('have.length', 1).first().should('have.text', 'Pay electric bill');\ncy.contains('Walk the dog').should('not.exist');",
                  "err": {},
                  "uuid": "e4afa2e0-c01a-4c78-a9df-c1e609ce329a",
                  "parentUUID": "553cf9b1-30a1-4b26-9e32-cfe6b170c5cd",
                  "isHook": false,
                  "skipped": false
                },
                {
                  "title": "can delete all completed tasks",
                  "fullTitle": "example to-do app with a checked task can delete all completed tasks",
                  "timedOut": null,
                  "duration": 0,
                  "state": "pending",
                  "speed": null,
                  "pass": false,
                  "fail": false,
                  "pending": true,
                  "context": null,
                  "code": "// First, let's click the \"Clear completed\" button\n// `contains` is actually serving two purposes here.\n// First, it's ensuring that the button exists within the dom.\n// This button only appears when at least one task is checked\n// so this command is implicitly verifying that it does exist.\n// Second, it selects the button so we can click it.\ncy.contains('Clear completed').click();\n// Then we can make sure that there is only one element\n// in the list and our element does not exist\ncy.get('.todo-list li').should('have.length', 1).should('not.have.text', 'Pay electric bill');\n// Finally, make sure that the clear button no longer exists.\ncy.contains('Clear completed').should('not.exist');",
                  "err": {},
                  "uuid": "0936e3ff-ab9c-42e1-88b4-d7bcc149eb00",
                  "parentUUID": "553cf9b1-30a1-4b26-9e32-cfe6b170c5cd",
                  "isHook": false,
                  "skipped": false
                }
              ],
              "suites": [],
              "passes": [],
              "failures": [],
              "pending": [
                "1b1fbac4-158c-4145-a0a3-f9c7688dd7c5",
                "e4afa2e0-c01a-4c78-a9df-c1e609ce329a",
                "0936e3ff-ab9c-42e1-88b4-d7bcc149eb00"
              ],
              "skipped": [],
              "duration": 0,
              "root": false,
              "rootEmpty": false,
              "_timeout": 2000
            }
          ],
          "passes": [],
          "failures": [],
          "pending": [
            "bf0079c0-231b-45f3-a4ed-18f7bd5dcb97",
            "c319b23c-0395-43b7-9542-6ff0821edc5a",
            "2799717e-6a6b-424a-8f91-15344b0694be"
          ],
          "skipped": [],
          "duration": 0,
          "root": false,
          "rootEmpty": false,
          "_timeout": 2000
        }
      ],
      "passes": [],
      "failures": [],
      "pending": [],
      "skipped": [],
      "duration": 0,
      "root": true,
      "rootEmpty": true,
      "_timeout": 2000
    }
  ],
  "meta": {
    "mocha": {
      "version": "7.0.1"
    },
    "mochawesome": {
      "options": {
        "quiet": false,
        "reportFilename": "mochawesome",
        "saveHtml": false,
        "saveJson": true,
        "consoleReporter": "spec",
        "useInlineDiffs": false,
        "code": true
      },
      "version": "7.1.3"
    },
    "marge": {
      "options": {
        "id": "default",
        "reportDir": "cypress/results/mochawesome",
        "quite": true,
        "overwrite": false,
        "html": false,
        "json": true
      },
      "version": "6.2.0"
    }
  }
}